2022-08-07 19:40:25,011 INFO o.a.j.u.JMeterUtils: Setting Locale to zh_CN_#Hans
2022-08-07 19:40:25,042 INFO o.a.j.u.JMeterUtils: Could not find resources for 'zh_CN_#Hans', using 'zh_CN'
2022-08-07 19:40:25,043 INFO o.a.j.JMeter: Loading user properties from: user.properties
2022-08-07 19:40:25,043 INFO o.a.j.JMeter: Loading system properties from: system.properties
2022-08-07 19:40:25,050 INFO o.a.j.JMeter: Copyright (c) 1998-2022 The Apache Software Foundation
2022-08-07 19:40:25,050 INFO o.a.j.JMeter: Version 5.5
2022-08-07 19:40:25,050 INFO o.a.j.JMeter: java.version=14.0.1
2022-08-07 19:40:25,050 INFO o.a.j.JMeter: java.vm.name=OpenJDK 64-Bit Server VM
2022-08-07 19:40:25,050 INFO o.a.j.JMeter: os.name=Mac OS X
2022-08-07 19:40:25,050 INFO o.a.j.JMeter: os.arch=x86_64
2022-08-07 19:40:25,050 INFO o.a.j.JMeter: os.version=10.16
2022-08-07 19:40:25,050 INFO o.a.j.JMeter: file.encoding=UTF-8
2022-08-07 19:40:25,050 INFO o.a.j.JMeter: java.awt.headless=null
2022-08-07 19:40:25,051 INFO o.a.j.JMeter: Max memory     =4294967296
2022-08-07 19:40:25,051 INFO o.a.j.JMeter: Available Processors =8
2022-08-07 19:40:25,057 INFO o.a.j.JMeter: Default Locale=中文 (简体，中国)
2022-08-07 19:40:25,057 INFO o.a.j.JMeter: JMeter  Locale=中文 (简体，中国)
2022-08-07 19:40:25,058 INFO o.a.j.JMeter: JMeterHome=/Users/liukun/JMeter/apache-jmeter-5.5
2022-08-07 19:40:25,058 INFO o.a.j.JMeter: user.dir  =/Users/liukun/JMeter/apache-jmeter-5.5/bin
2022-08-07 19:40:25,058 INFO o.a.j.JMeter: PWD       =/Users/liukun/JMeter/apache-jmeter-5.5/bin
2022-08-07 19:40:25,064 INFO o.a.j.JMeter: IP: 127.0.0.1 Name: MacBook-Pro.local FullName: localhost
2022-08-07 19:40:25,072 INFO o.a.j.JMeter: Loaded icon properties from org/apache/jmeter/images/icon.properties
2022-08-07 19:40:25,487 INFO o.a.j.JMeterGuiLauncher: Setting LAF to: com.github.weisj.darklaf.DarkLaf:com.github.weisj.darklaf.theme.DarculaTheme
2022-08-07 19:40:28,247 INFO o.j.r.JARSourceHTTP: Found cached repo
2022-08-07 19:40:28,396 INFO o.j.r.PluginManager: Plugins Status: [jpgc-plugins-manager=1.7, jmeter-core=5.5, jmeter-ftp=5.5, jmeter-http=5.5, jmeter-jdbc=5.5, jmeter-jms=5.5, jmeter-junit=5.5, jmeter-java=5.5, jmeter-ldap=5.5, jmeter-mail=5.5, jmeter-mongodb=5.5, jmeter-native=5.5, jmeter-tcp=5.5, jmeter-components=5.5]
2022-08-07 19:40:51,456 INFO o.a.j.u.JMeterUtils: Setting Locale to en
2022-08-07 19:41:02,850 INFO o.a.j.u.JMeterUtils: Setting Locale to zh_CN
2022-08-07 19:41:25,163 INFO c.l.j.s.CustomJavaSamplerClient: public CustomJavaSamplerClient()
2022-08-07 19:41:25,163 INFO c.l.j.s.CustomJavaSamplerClient: public CustomJavaSamplerClient()
2022-08-07 19:41:25,163 INFO c.l.j.s.CustomJavaSamplerClient: public Arguments getDefaultParameters()
2022-08-07 19:41:25,182 INFO c.l.j.s.CustomJavaSamplerClient: public CustomJavaSamplerClient()
2022-08-07 19:41:25,182 INFO c.l.j.s.CustomJavaSamplerClient: public CustomJavaSamplerClient()
2022-08-07 19:41:25,182 INFO c.l.j.s.CustomJavaSamplerClient: public Arguments getDefaultParameters()
2022-08-07 19:41:25,183 INFO c.l.j.s.CustomJavaSamplerClient: public CustomJavaSamplerClient()
2022-08-07 19:41:25,183 INFO c.l.j.s.CustomJavaSamplerClient: public CustomJavaSamplerClient()
2022-08-07 19:41:25,184 INFO c.l.j.s.CustomJavaSamplerClient: public Arguments getDefaultParameters()
2022-08-07 19:41:25,198 INFO c.l.j.s.CustomJavaSamplerClient: public CustomJavaSamplerClient()
2022-08-07 19:41:25,198 INFO c.l.j.s.CustomJavaSamplerClient: public CustomJavaSamplerClient()
2022-08-07 19:41:25,198 INFO c.l.j.s.CustomJavaSamplerClient: public Arguments getDefaultParameters()
2022-08-07 19:41:26,867 INFO c.l.j.s.CustomJavaSamplerClient: public CustomJavaSamplerClient()
2022-08-07 19:41:26,867 INFO c.l.j.s.CustomJavaSamplerClient: public CustomJavaSamplerClient()
2022-08-07 19:41:26,867 INFO c.l.j.s.CustomJavaSamplerClient: public Arguments getDefaultParameters()
2022-08-07 19:41:31,500 INFO o.a.j.s.SampleResult: Note: Sample TimeStamps are START times
2022-08-07 19:41:31,501 INFO o.a.j.s.SampleResult: sampleresult.default.encoding is set to ISO-8859-1
2022-08-07 19:41:31,501 INFO o.a.j.s.SampleResult: sampleresult.useNanoTime=true
2022-08-07 19:41:31,501 INFO o.a.j.s.SampleResult: sampleresult.nanoThreadSleep=5000
2022-08-07 19:41:31,691 INFO o.a.j.v.ViewResultsFullVisualizer: Add JavaFX to your Java installation if you want to use renderer: org.apache.jmeter.visualizers.RenderInBrowser
2022-08-07 19:42:36,665 INFO c.l.j.s.CustomJavaSamplerClient: public CustomJavaSamplerClient()
2022-08-07 19:42:36,665 INFO c.l.j.s.CustomJavaSamplerClient: public CustomJavaSamplerClient()
2022-08-07 19:42:36,666 INFO c.l.j.s.CustomJavaSamplerClient: public Arguments getDefaultParameters()
2022-08-07 19:42:36,668 INFO c.l.j.s.CustomJavaSamplerClient: public CustomJavaSamplerClient()
2022-08-07 19:42:36,668 INFO c.l.j.s.CustomJavaSamplerClient: public CustomJavaSamplerClient()
2022-08-07 19:42:36,668 INFO c.l.j.s.CustomJavaSamplerClient: public Arguments getDefaultParameters()
2022-08-07 19:42:36,679 INFO c.l.j.s.CustomJavaSamplerClient: public CustomJavaSamplerClient()
2022-08-07 19:42:36,679 INFO c.l.j.s.CustomJavaSamplerClient: public CustomJavaSamplerClient()
2022-08-07 19:42:36,679 INFO c.l.j.s.CustomJavaSamplerClient: public Arguments getDefaultParameters()
2022-08-07 19:43:03,558 INFO c.l.j.s.CustomJavaSamplerClient: public CustomJavaSamplerClient()
2022-08-07 19:43:03,559 INFO c.l.j.s.CustomJavaSamplerClient: public CustomJavaSamplerClient()
2022-08-07 19:43:03,559 INFO c.l.j.s.CustomJavaSamplerClient: public Arguments getDefaultParameters()
2022-08-07 19:43:03,560 INFO c.l.j.s.CustomJavaSamplerClient: public CustomJavaSamplerClient()
2022-08-07 19:43:03,561 INFO c.l.j.s.CustomJavaSamplerClient: public CustomJavaSamplerClient()
2022-08-07 19:43:03,561 INFO c.l.j.s.CustomJavaSamplerClient: public Arguments getDefaultParameters()
2022-08-07 19:43:03,573 INFO c.l.j.s.CustomJavaSamplerClient: public CustomJavaSamplerClient()
2022-08-07 19:43:03,574 INFO c.l.j.s.CustomJavaSamplerClient: public CustomJavaSamplerClient()
2022-08-07 19:43:03,574 INFO c.l.j.s.CustomJavaSamplerClient: public Arguments getDefaultParameters()
2022-08-07 19:44:05,763 INFO o.a.j.s.FileServer: Default base='/Users/liukun/JMeter/apache-jmeter-5.5/bin'
2022-08-07 19:44:05,764 INFO o.a.j.s.FileServer: Set new base='/Users/liukun'
2022-08-07 19:44:05,893 INFO o.a.j.s.SaveService: Testplan (JMX) version: 2.2. Testlog (JTL) version: 2.2
2022-08-07 19:44:05,902 INFO o.a.j.s.SaveService: Using SaveService properties version 5.0
2022-08-07 19:44:05,903 INFO o.a.j.s.SaveService: Using SaveService properties file encoding UTF-8
2022-08-07 19:44:05,943 INFO o.a.j.e.StandardJMeterEngine: Running the test!
2022-08-07 19:44:05,944 INFO o.a.j.s.SampleEvent: List of sample_variables: []
2022-08-07 19:44:05,944 INFO o.a.j.s.SampleEvent: List of sample_variables: []
2022-08-07 19:44:05,945 INFO o.a.j.e.u.CompoundVariable: Note: Function class names must contain the string: '.functions.'
2022-08-07 19:44:05,945 INFO o.a.j.e.u.CompoundVariable: Note: Function class names must not contain the string: '.gui.'
2022-08-07 19:44:06,135 INFO o.a.j.p.j.s.JavaSampler: Created class: com.liukunup.jmeter.sampler.CustomJavaSamplerClient. Uses tearDownTest: 
2022-08-07 19:44:06,136 INFO o.a.j.g.u.JMeterMenuBar: setRunning(true, *local*)
2022-08-07 19:44:06,176 INFO o.a.j.e.StandardJMeterEngine: Starting ThreadGroup: 1 : 线程组
2022-08-07 19:44:06,176 INFO o.a.j.e.StandardJMeterEngine: Starting 5 threads for group 线程组.
2022-08-07 19:44:06,176 INFO o.a.j.e.StandardJMeterEngine: Thread will continue on error
2022-08-07 19:44:06,176 INFO o.a.j.t.ThreadGroup: Starting thread group... number=1 threads=5 ramp-up=1 delayedStart=false
2022-08-07 19:44:06,180 INFO o.a.j.t.JMeterThread: Thread started: 线程组 1-1
2022-08-07 19:44:06,181 INFO o.a.j.t.ThreadGroup: Started thread group number 1
2022-08-07 19:44:06,181 INFO o.a.j.e.StandardJMeterEngine: All thread groups have been started
2022-08-07 19:44:06,182 INFO c.l.j.s.CustomJavaSamplerClient: public CustomJavaSamplerClient()
2022-08-07 19:44:06,182 INFO c.l.j.s.CustomJavaSamplerClient: public void setupTest(JavaSamplerContext context)
2022-08-07 19:44:06,182 INFO c.l.j.s.CustomJavaSamplerClient: public SampleResult runTest(JavaSamplerContext javaSamplerContext)
2022-08-07 19:44:06,380 INFO o.a.j.t.JMeterThread: Thread started: 线程组 1-2
2022-08-07 19:44:06,382 INFO c.l.j.s.CustomJavaSamplerClient: public CustomJavaSamplerClient()
2022-08-07 19:44:06,383 INFO c.l.j.s.CustomJavaSamplerClient: public void setupTest(JavaSamplerContext context)
2022-08-07 19:44:06,383 INFO c.l.j.s.CustomJavaSamplerClient: public SampleResult runTest(JavaSamplerContext javaSamplerContext)
2022-08-07 19:44:06,384 INFO c.l.j.s.CustomJavaSamplerClient: 计算: 3 + 4 = 7
2022-08-07 19:44:06,393 INFO o.a.j.t.JMeterThread: Thread is done: 线程组 1-1
2022-08-07 19:44:06,394 INFO o.a.j.t.JMeterThread: Thread finished: 线程组 1-1
2022-08-07 19:44:06,578 INFO o.a.j.t.JMeterThread: Thread started: 线程组 1-3
2022-08-07 19:44:06,579 INFO c.l.j.s.CustomJavaSamplerClient: public CustomJavaSamplerClient()
2022-08-07 19:44:06,579 INFO c.l.j.s.CustomJavaSamplerClient: public void setupTest(JavaSamplerContext context)
2022-08-07 19:44:06,579 INFO c.l.j.s.CustomJavaSamplerClient: public SampleResult runTest(JavaSamplerContext javaSamplerContext)
2022-08-07 19:44:06,588 INFO c.l.j.s.CustomJavaSamplerClient: 计算: 3 + 4 = 7
2022-08-07 19:44:06,590 INFO o.a.j.t.JMeterThread: Thread is done: 线程组 1-2
2022-08-07 19:44:06,591 INFO o.a.j.t.JMeterThread: Thread finished: 线程组 1-2
2022-08-07 19:44:06,778 INFO o.a.j.t.JMeterThread: Thread started: 线程组 1-4
2022-08-07 19:44:06,778 INFO c.l.j.s.CustomJavaSamplerClient: public CustomJavaSamplerClient()
2022-08-07 19:44:06,778 INFO c.l.j.s.CustomJavaSamplerClient: public void setupTest(JavaSamplerContext context)
2022-08-07 19:44:06,778 INFO c.l.j.s.CustomJavaSamplerClient: public SampleResult runTest(JavaSamplerContext javaSamplerContext)
2022-08-07 19:44:06,780 INFO c.l.j.s.CustomJavaSamplerClient: 计算: 3 + 4 = 7
2022-08-07 19:44:06,781 INFO o.a.j.t.JMeterThread: Thread is done: 线程组 1-3
2022-08-07 19:44:06,781 INFO o.a.j.t.JMeterThread: Thread finished: 线程组 1-3
2022-08-07 19:44:06,978 INFO o.a.j.t.JMeterThread: Thread started: 线程组 1-5
2022-08-07 19:44:06,979 INFO c.l.j.s.CustomJavaSamplerClient: 计算: 3 + 4 = 7
2022-08-07 19:44:06,979 INFO c.l.j.s.CustomJavaSamplerClient: public CustomJavaSamplerClient()
2022-08-07 19:44:06,980 INFO c.l.j.s.CustomJavaSamplerClient: public void setupTest(JavaSamplerContext context)
2022-08-07 19:44:06,980 INFO o.a.j.t.JMeterThread: Thread is done: 线程组 1-4
2022-08-07 19:44:06,980 INFO c.l.j.s.CustomJavaSamplerClient: public SampleResult runTest(JavaSamplerContext javaSamplerContext)
2022-08-07 19:44:06,980 INFO o.a.j.t.JMeterThread: Thread finished: 线程组 1-4
2022-08-07 19:44:07,181 INFO c.l.j.s.CustomJavaSamplerClient: 计算: 3 + 4 = 7
2022-08-07 19:44:07,181 INFO o.a.j.t.JMeterThread: Thread is done: 线程组 1-5
2022-08-07 19:44:07,181 INFO o.a.j.t.JMeterThread: Thread finished: 线程组 1-5
2022-08-07 19:44:07,181 INFO o.a.j.e.StandardJMeterEngine: Notifying test listeners of end of test
2022-08-07 19:44:07,181 INFO c.l.j.s.CustomJavaSamplerClient: public void teardownTest(JavaSamplerContext context)
2022-08-07 19:44:07,182 INFO c.l.j.s.CustomJavaSamplerClient: public void teardownTest(JavaSamplerContext context)
2022-08-07 19:44:07,182 INFO c.l.j.s.CustomJavaSamplerClient: public void teardownTest(JavaSamplerContext context)
2022-08-07 19:44:07,182 INFO c.l.j.s.CustomJavaSamplerClient: public void teardownTest(JavaSamplerContext context)
2022-08-07 19:44:07,182 INFO c.l.j.s.CustomJavaSamplerClient: public void teardownTest(JavaSamplerContext context)
2022-08-07 19:44:07,182 INFO o.a.j.g.u.JMeterMenuBar: setRunning(false, *local*)
2022-08-07 19:44:10,620 INFO c.l.j.s.CustomJavaSamplerClient: public CustomJavaSamplerClient()
2022-08-07 19:44:10,620 INFO c.l.j.s.CustomJavaSamplerClient: public CustomJavaSamplerClient()
2022-08-07 19:44:10,620 INFO c.l.j.s.CustomJavaSamplerClient: public Arguments getDefaultParameters()
2022-08-07 19:44:10,622 INFO c.l.j.s.CustomJavaSamplerClient: public CustomJavaSamplerClient()
2022-08-07 19:44:10,623 INFO c.l.j.s.CustomJavaSamplerClient: public CustomJavaSamplerClient()
2022-08-07 19:44:10,623 INFO c.l.j.s.CustomJavaSamplerClient: public Arguments getDefaultParameters()
2022-08-07 19:44:10,637 INFO c.l.j.s.CustomJavaSamplerClient: public CustomJavaSamplerClient()
2022-08-07 19:44:10,637 INFO c.l.j.s.CustomJavaSamplerClient: public CustomJavaSamplerClient()
2022-08-07 19:44:10,638 INFO c.l.j.s.CustomJavaSamplerClient: public Arguments getDefaultParameters()
